0 info it worked if it ends with ok
1 verbose cli [ '/Users/austinlau/.nvm/versions/node/v6.11.3/bin/node',
1 verbose cli   '/Users/austinlau/.nvm/versions/node/v6.11.3/bin/npm',
1 verbose cli   'run',
1 verbose cli   'react-dev' ]
2 info using npm@3.10.10
3 info using node@v6.11.3
4 verbose stack Error: Invalid name: "MTG printer"
4 verbose stack     at ensureValidName (/Users/austinlau/.nvm/versions/node/v6.11.3/lib/node_modules/npm/node_modules/normalize-package-data/lib/fixer.js:336:15)
4 verbose stack     at Object.fixNameField (/Users/austinlau/.nvm/versions/node/v6.11.3/lib/node_modules/npm/node_modules/normalize-package-data/lib/fixer.js:215:5)
4 verbose stack     at /Users/austinlau/.nvm/versions/node/v6.11.3/lib/node_modules/npm/node_modules/normalize-package-data/lib/normalize.js:32:38
4 verbose stack     at Array.forEach (native)
4 verbose stack     at normalize (/Users/austinlau/.nvm/versions/node/v6.11.3/lib/node_modules/npm/node_modules/normalize-package-data/lib/normalize.js:31:15)
4 verbose stack     at final (/Users/austinlau/.nvm/versions/node/v6.11.3/lib/node_modules/npm/node_modules/read-package-json/read-json.js:349:5)
4 verbose stack     at then (/Users/austinlau/.nvm/versions/node/v6.11.3/lib/node_modules/npm/node_modules/read-package-json/read-json.js:124:5)
4 verbose stack     at ReadFileContext.<anonymous> (/Users/austinlau/.nvm/versions/node/v6.11.3/lib/node_modules/npm/node_modules/read-package-json/read-json.js:295:20)
4 verbose stack     at ReadFileContext.callback (/Users/austinlau/.nvm/versions/node/v6.11.3/lib/node_modules/npm/node_modules/graceful-fs/graceful-fs.js:78:16)
4 verbose stack     at FSReqWrap.readFileAfterOpen [as oncomplete] (fs.js:367:13)
5 verbose cwd /Users/austinlau/Documents/GitHub/MTGprinter
6 error Darwin 17.4.0
7 error argv "/Users/austinlau/.nvm/versions/node/v6.11.3/bin/node" "/Users/austinlau/.nvm/versions/node/v6.11.3/bin/npm" "run" "react-dev"
8 error node v6.11.3
9 error npm  v3.10.10
10 error Invalid name: "MTG printer"
11 error If you need help, you may report this error at:
11 error     <https://github.com/npm/npm/issues>
12 verbose exit [ 1, true ]
